42 2458871.194406 0.000978 0.015173 0.000000
43 2458871.194467 0.001956 0.015173 0.000000
44 2458871.194528 0.002934 0.015174 0.000000
45 2458871.194589 0.003913 0.015175 0.000000
46 2458871.194650 0.004891 0.015176 0.000000
47 2458871.194711 0.005869 0.015177 0.000000
48 2458871.194772 0.006847 0.015180 0.000000
49 2458871.194833 0.007825 0.015182 0.000000
50 2458871.194894 0.008803 0.015185 0.000000
51 2458871.194955 0.009781 0.015189 0.000000
52 2458871.195016 0.010760 0.015192 0.000000
53 2458871.195076 0.011722 0.015196 0.000000
54 2458871.195137 0.012700 0.015201 0.000000
55 2458871.195198 0.013678 0.015205 0.000000
56 2458871.195259 0.014656 0.015210 0.000000
57 2458871.195320 0.015634 0.016029 0.000000
58 2458871.195381 0.016612 0.038845 0.000000
59 2458871.195442 0.017591 0.099605 0.000000
60 2458871.195503 0.018569 0.190284 0.000000
61 2458871.195564 0.019547 0.302955 0.000000
62 2458871.195625 0.020525 0.429353 0.000000
63 2458871.195686 0.021503 0.562245 0.000000
64 2458871.195747 0.022481 0.693273 0.000000
65 2458871.195808 0.023459 0.809763 0.000000
66 2458871.195869 0.024438 0.895577 0.000000
67 2458871.195930 0.025416 0.930381 0.000000
68 2458871.195991 0.026394 0.932284 0.000000
69 2458871.196052 0.027372 0.932296 0.000000
70 2458871.196113 0.028350 0.932309 0.000000
71 2458871.196174 0.029328 0.932319 0.000000
72 2458871.196234 0.030290 0.932331 0.000000
73 2458871.196295 0.031269 0.932343 0.000000
74 2458871.196356 0.032247 0.932355 0.000000
75 2458871.196417 0.033225 0.932369 0.000000
76 2458871.196478 0.034203 0.932382 0.000000
77 2458871.196539 0.035181 0.932396 0.000000
78 2458871.196600 0.036159 0.932412 0.000000
79 2458871.196661 0.037137 0.932428 0.000000
80 2458871.196722 0.038116 0.932445 0.000000
81 2458871.196783 0.039094 0.932459 0.000000
