0 2458871.191846 -0.040072 0.932400 0.000000
1 2458871.191906 -0.039110 0.932388 0.000000
2 2458871.191967 -0.038132 0.932375 0.000000
3 2458871.192029 -0.037137 0.932363 0.000000
4 2458871.192089 -0.036175 0.932349 0.000000
5 2458871.192151 -0.035181 0.932334 0.000000
6 2458871.192211 -0.034219 0.932321 0.000000
7 2458871.192273 -0.033225 0.932309 0.000000
8 2458871.192334 -0.032247 0.932298 0.000000
9 2458871.192395 -0.031269 0.932286 0.000000
10 2458871.192456 -0.030290 0.932276 0.000000
11 2458871.192516 -0.029328 0.932266 0.000000
12 2458871.192578 -0.028334 0.932256 0.000000
13 2458871.192639 -0.027356 0.932249 0.000000
14 2458871.192699 -0.026394 0.932238 0.000000
15 2458871.192760 -0.025416 0.932228 0.000000
16 2458871.192821 -0.024438 0.930245 0.000000
17 2458871.192882 -0.023459 0.895048 0.000000
18 2458871.192943 -0.022481 0.808947 0.000000
19 2458871.193004 -0.021503 0.692092 0.000000
20 2458871.193065 -0.020525 0.561781 0.000000
21 2458871.193126 -0.019547 0.429022 0.000000
22 2458871.193187 -0.018569 0.302334 0.000000
23 2458871.193248 -0.017591 0.189754 0.000000
24 2458871.193309 -0.016612 0.099053 0.000000
25 2458871.193370 -0.015634 0.038430 0.000000
26 2458871.193431 -0.014656 0.016012 0.000000
27 2458871.193492 -0.013678 0.015214 0.000000
28 2458871.193553 -0.012700 0.015209 0.000000
29 2458871.193614 -0.011722 0.015205 0.000000
30 2458871.193675 -0.010744 0.015200 0.000000
31 2458871.193736 -0.009765 0.015196 0.000000
32 2458871.193797 -0.008787 0.015192 0.000000
33 2458871.193857 -0.007825 0.015188 0.000000
34 2458871.193918 -0.006847 0.015185 0.000000
35 2458871.193979 -0.005869 0.015182 0.000000
36 2458871.194040 -0.004891 0.015179 0.000000
37 2458871.194101 -0.003913 0.015177 0.000000
38 2458871.194162 -0.002934 0.015176 0.000000
39 2458871.194223 -0.001956 0.015175 0.000000
40 2458871.194284 -0.000978 0.015174 0.000000
41 2458871.194345 0.000000 0.015173 0.000000
