0	2458871.182406	-0.191270	0.029789	0.004360
1	2458871.182398	-0.191398	0.038187	0.004264
2	2458871.182459	-0.190420	0.035083	0.003560
3	2458871.182520	-0.189441	0.039586	0.003196
4	2458871.182581	-0.188463	0.039489	0.003740
5	2458871.182642	-0.187486	0.039331	0.003474
6	2458871.182703	-0.186507	0.035582	0.003374
7	2458871.182764	-0.185529	0.039493	0.002834
8	2458871.182825	-0.184550	0.039141	0.002441
9	2458871.182886	-0.183573	0.034281	0.002653
10	2458871.182947	-0.182594	0.039611	0.002709
11	2458871.183008	-0.181616	0.041569	0.003005
12	2458871.183069	-0.180638	0.038948	0.002840
13	2458871.183130	-0.179659	0.040250	0.002893
14	2458871.183191	-0.178682	0.042485	0.002907
15	2458871.183251	-0.177719	0.036872	0.002941
16	2458871.183312	-0.176741	0.036772	0.002731
17	2458871.183373	-0.175762	0.034040	0.002829
18	2458871.183434	-0.174785	0.041101	0.002689
19	2458871.183495	-0.173807	0.033646	0.002434
20	2458871.183556	-0.172828	0.040579	0.002539
21	2458871.183617	-0.171850	0.037107	0.002180
22	2458871.183678	-0.170871	0.040371	0.002322
23	2458871.183739	-0.169894	0.038548	0.002184
24	2458871.183800	-0.168915	0.039562	0.002467
25	2458871.183861	-0.167937	0.042097	0.002630
26	2458871.183922	-0.166959	0.035397	0.002396
27	2458871.183983	-0.165980	0.039927	0.002760
28	2458871.184044	-0.165003	0.039264	0.002593
29	2458871.184105	-0.164024	0.039037	0.002327
30	2458871.184166	-0.163046	0.040594	0.002319
31	2458871.184227	-0.162067	0.031028	0.002246
32	2458871.184288	-0.161090	0.035913	0.002183
33	2458871.184349	-0.160112	0.036788	0.002215
34	2458871.184409	-0.159149	0.040845	0.002348
35	2458871.184470	-0.158171	0.039901	0.002490
36	2458871.184531	-0.157192	0.032033	0.002304
37	2458871.184592	-0.156215	0.035182	0.002226
38	2458871.184653	-0.155237	0.039089	0.002256
39	2458871.184714	-0.154258	0.041454	0.002213
40	2458871.184775	-0.153280	0.041326	0.002391
41	2458871.184836	-0.152301	0.037301	0.002411
42	2458871.184897	-0.151324	0.038318	0.002824
43	2458871.184958	-0.150345	0.041330	0.002653
44	2458871.185019	-0.149367	0.037891	0.002598
45	2458871.185080	-0.148389	0.041485	0.002825
46	2458871.185141	-0.147411	0.036904	0.002922
47	2458871.185202	-0.146433	0.041882	0.002681
48	2458871.185263	-0.145454	0.032560	0.002829
49	2458871.185324	-0.144476	0.037713	0.002865
50	2458871.185385	-0.143497	0.047121	0.002745
51	2458871.185446	-0.142520	0.035750	0.003278
52	2458871.185507	-0.141542	0.041567	0.002674
53	2458871.185567	-0.140579	0.029754	0.002620
54	2458871.185628	-0.139601	0.034280	0.002564
55	2458871.185689	-0.138622	0.032651	0.002450
56	2458871.185750	-0.137645	0.039114	0.002444
57	2458871.185811	-0.136666	0.038721	0.002385
58	2458871.185872	-0.135688	0.039381	0.002273
59	2458871.185933	-0.134710	0.036327	0.002401
60	2458871.185994	-0.133732	0.037902	0.002513
61	2458871.186055	-0.132754	0.038579	0.002553
62	2458871.186116	-0.131775	0.033932	0.002449
63	2458871.186177	-0.130797	0.038832	0.002486
64	2458871.186238	-0.129818	0.037242	0.002166
65	2458871.186299	-0.128841	0.035083	0.002259
66	2458871.186360	-0.127863	0.036521	0.002443
67	2458871.186421	-0.126884	0.036023	0.003021
68	2458871.186482	-0.125906	0.032120	0.002822
69	2458871.186543	-0.124928	0.028290	0.002739
70	2458871.186604	-0.123950	0.035858	0.003230
71	2458871.186665	-0.122971	0.038482	0.002892
72	2458871.186726	-0.121993	0.038785	0.002309
73	2458871.186786	-0.121031	0.034540	0.002816
74	2458871.186847	-0.120053	0.037532	0.002591
75	2458871.186908	-0.119075	0.036839	0.002710
76	2458871.186969	-0.118096	0.035704	0.002667
77	2458871.187030	-0.117118	0.036338	0.002840
78	2458871.187091	-0.116141	0.033061	0.002627
79	2458871.187152	-0.115162	0.037246	0.002313
80	2458871.187213	-0.114184	0.038474	0.002093
81	2458871.187274	-0.113205	0.037270	0.002412
82	2458871.187335	-0.112227	0.035869	0.002193
83	2458871.187396	-0.111249	0.035043	0.002225
84	2458871.187457	-0.110271	0.037468	0.002088
85	2458871.187518	-0.109293	0.031725	0.002301
86	2458871.187579	-0.108314	0.037437	0.002172
87	2458871.187640	-0.107336	0.033311	0.002049
88	2458871.187701	-0.106358	0.035315	0.002060
89	2458871.187762	-0.105380	0.035388	0.001964
90	2458871.187823	-0.104401	0.036422	0.002231
91	2458871.187884	-0.103423	0.031048	0.002108
92	2458871.187944	-0.102462	0.037972	0.002437
93	2458871.188005	-0.101483	0.032737	0.002101
94	2458871.188066	-0.100505	0.030621	0.002111
95	2458871.188127	-0.099526	0.033895	0.002145
96	2458871.188188	-0.098548	0.032911	0.002294
97	2458871.188249	-0.097570	0.039259	0.002372
98	2458871.188310	-0.096592	0.037987	0.002332
99	2458871.188371	-0.095614	0.032379	0.002290
100	2458871.188432	-0.094635	0.033674	0.002490
101	2458871.188493	-0.093657	0.035283	0.002455
102	2458871.188554	-0.092679	0.032189	0.002344
103	2458871.188615	-0.091701	0.031745	0.002246
104	2458871.188676	-0.090722	0.034398	0.002576
105	2458871.188737	-0.089744	0.030711	0.002521
106	2458871.188798	-0.088767	0.028674	0.002466
107	2458871.188859	-0.087788	0.030993	0.002248
108	2458871.188920	-0.086810	0.030879	0.002680
109	2458871.188981	-0.085831	0.032779	0.002504
110	2458871.189042	-0.084853	0.032876	0.002387
111	2458871.189103	-0.083876	0.030327	0.002359
112	2458871.189163	-0.082913	0.028056	0.002517
113	2458871.189224	-0.081935	0.030476	0.002501
114	2458871.189285	-0.080956	0.030019	0.002555
115	2458871.189346	-0.079978	0.024959	0.002593
116	2458871.189407	-0.079000	0.031588	0.002775
117	2458871.189468	-0.078022	0.029939	0.002864
118	2458871.189529	-0.077044	0.028488	0.002613
119	2458871.189590	-0.076065	0.033390	0.002653
120	2458871.189651	-0.075088	0.029954	0.002405
121	2458871.189712	-0.074109	0.030813	0.002438
122	2458871.189773	-0.073131	0.031920	0.002407
123	2458871.189834	-0.072152	0.028119	0.002159
124	2458871.189895	-0.071174	0.033693	0.002540
125	2458871.189956	-0.070197	0.027698	0.002521
126	2458871.190017	-0.069218	0.032169	0.002734
127	2458871.190078	-0.068240	0.030875	0.002317
128	2458871.190139	-0.067261	0.032941	0.002208
129	2458871.190200	-0.066284	0.033637	0.002153
130	2458871.190261	-0.065305	0.033909	0.002309
131	2458871.190321	-0.064343	0.025782	0.002183
132	2458871.190382	-0.063365	0.035890	0.002398
133	2458871.190443	-0.062386	0.038201	0.002604
134	2458871.190504	-0.061409	0.034771	0.002294
135	2458871.190565	-0.060430	0.033356	0.002144
136	2458871.190626	-0.059452	0.030756	0.002129
137	2458871.190687	-0.058473	0.036184	0.002402
138	2458871.190748	-0.057495	0.039397	0.002337
139	2458871.190809	-0.056518	0.026623	0.002475
140	2458871.190870	-0.055539	0.030684	0.002294
141	2458871.190931	-0.054561	0.031375	0.002498
142	2458871.190992	-0.053582	0.033330	0.002546
143	2458871.191053	-0.052605	0.040283	0.002737
144	2458871.191114	-0.051626	0.036624	0.002731
145	2458871.191175	-0.050648	0.028690	0.002292
146	2458871.191236	-0.049670	0.033582	0.002379
147	2458871.191297	-0.048691	0.039301	0.002448
148	2458871.191358	-0.047714	0.036600	0.002582
149	2458871.191419	-0.046735	0.023943	0.002704
150	2458871.191480	-0.045757	0.035858	0.002567
151	2458871.191540	-0.044795	0.039919	0.002609
152	2458871.191601	-0.043816	0.038179	0.002991
153	2458871.191662	-0.042839	0.034693	0.002967
154	2458871.191723	-0.041860	0.032041	0.002849
155	2458871.191784	-0.040882	0.035026	0.002369
156	2458871.191846	-0.039903	0.035602	0.002687
157	2458871.191906	-0.038926	0.033085	0.002458
158	2458871.191967	-0.037948	0.035655	0.002709
159	2458871.192029	-0.036969	0.039996	0.002311
160	2458871.192089	-0.035991	0.037802	0.002879
161	2458871.192151	-0.035012	0.035713	0.002741
162	2458871.192212	-0.034035	0.027547	0.002863
163	2458871.192273	-0.033056	0.033140	0.002864
164	2458871.192334	-0.032078	0.038741	0.002707
165	2458871.192394	-0.031100	0.038747	0.002658
166	2458871.192456	-0.030121	0.040055	0.002708
167	2458871.192517	-0.029144	0.031758	0.002370
168	2458871.192578	-0.028165	0.033395	0.002611
169	2458871.192639	-0.027187	0.034177	0.002721
170	2458871.192699	-0.026224	0.035081	0.002965
171	2458871.192760	-0.025247	0.034903	0.002688
172	2458871.192821	-0.024269	0.036078	0.002716
173	2458871.192882	-0.023290	0.035949	0.002641
174	2458871.192943	-0.022312	0.032970	0.002615
175	2458871.193004	-0.021333	0.034116	0.002430
176	2458871.193065	-0.020356	0.024468	0.002359
177	2458871.193126	-0.019377	0.015553	0.002212
178	2458871.193187	-0.018399	0.009103	0.002384
179	2458871.193248	-0.017421	0.004135	0.002256
180	2458871.193309	-0.016443	0.008242	0.002106
181	2458871.193370	-0.015465	0.005265	0.002303
182	2458871.193431	-0.014486	-0.000505	-0.002216
183	2458871.193492	-0.013508	-0.002261	-0.002146
184	2458871.193553	-0.012529	0.007349	0.002316
185	2458871.193614	-0.011552	0.002744	0.002640
186	2458871.193675	-0.010574	0.001848	0.002402
187	2458871.193736	-0.009595	-0.002741	-0.002314
188	2458871.193797	-0.008617	0.001218	0.002258
189	2458871.193857	-0.007654	-0.002481	-0.002432
190	2458871.193918	-0.006677	0.002326	0.002476
191	2458871.193979	-0.005699	0.006155	0.002594
192	2458871.194040	-0.004720	0.003106	0.002375
193	2458871.194101	-0.003742	-0.001470	-0.002523
194	2458871.194162	-0.002764	-0.002095	-0.002740
195	2458871.194223	-0.001786	-0.001020	-0.003076
196	2458871.194284	-0.000807	0.000835	0.003002
197	2458871.194345	0.000171	0.002751	0.002966
198	2458871.194406	0.001149	0.001490	0.002519
199	2458871.194467	0.002127	0.003726	0.002465
200	2458871.194528	0.003105	0.005094	0.002518
201	2458871.194589	0.004084	-0.005866	-0.003539
202	2458871.194650	0.005062	-0.004675	-0.002685
203	2458871.194711	0.006041	0.000696	0.002684
204	2458871.194772	0.007018	-0.003003	-0.002386
205	2458871.194833	0.007996	-0.000022	-0.002264
206	2458871.194894	0.008975	-0.001753	-0.002183
207	2458871.194955	0.009953	-0.000285	-0.002302
208	2458871.195016	0.010931	-0.004405	-0.003344
209	2458871.195076	0.011893	0.000368	0.002074
210	2458871.195137	0.012872	-0.000738	-0.002278
211	2458871.195198	0.013850	-0.004486	-0.002844
212	2458871.195259	0.014828	-0.002027	-0.002945
213	2458871.195320	0.015806	0.001178	0.002916
214	2458871.195381	0.016784	0.006977	0.002059
215	2458871.195442	0.017763	0.004815	0.001918
216	2458871.195503	0.018741	0.013205	0.002096
217	2458871.195564	0.019720	0.010802	0.002095
218	2458871.195625	0.020697	0.016293	0.002290
219	2458871.195686	0.021675	0.024081	0.002323
220	2458871.195747	0.022654	0.033155	0.002261
221	2458871.195808	0.023632	0.036030	0.002905
222	2458871.195869	0.024610	0.032162	0.002503
223	2458871.195930	0.025588	0.030669	0.002454
224	2458871.195991	0.026566	0.027632	0.002586
225	2458871.196052	0.027545	0.025443	0.002538
226	2458871.196113	0.028523	0.027323	0.002614
227	2458871.196174	0.029501	0.029543	0.002444
228	2458871.196234	0.030463	0.026886	0.002679
229	2458871.196295	0.031442	0.034682	0.002535
230	2458871.196356	0.032420	0.030868	0.002215
231	2458871.196417	0.033397	0.035620	0.001901
232	2458871.196478	0.034376	0.031627	0.002044
233	2458871.196539	0.035354	0.029644	0.002053
234	2458871.196600	0.036333	0.029959	0.002219
235	2458871.196661	0.037311	0.032332	0.002427
236	2458871.196722	0.038289	0.028295	0.002497
237	2458871.196783	0.039267	0.027931	0.002221
238	2458871.196844	0.040245	0.030116	0.002478
239	2458871.196905	0.041224	0.033006	0.002459
240	2458871.196966	0.042201	0.031914	0.002152
241	2458871.197027	0.043180	0.039548	0.002317
242	2458871.197088	0.044158	0.030584	0.002258
243	2458871.197149	0.045137	0.030893	0.002262
244	2458871.197210	0.046115	0.034227	0.002046
245	2458871.197271	0.047092	0.031146	0.002393
246	2458871.197332	0.048071	0.031214	0.002262
247	2458871.197393	0.049049	0.031703	0.002419
248	2458871.197453	0.050012	0.030960	0.002429
249	2458871.197514	0.050990	0.025572	0.002378
250	2458871.197575	0.051968	0.031862	0.002717
251	2458871.197636	0.052946	0.036623	0.002083
252	2458871.197697	0.053924	0.034076	0.002077
253	2458871.197758	0.054903	0.036466	0.001861
254	2458871.197819	0.055880	0.033287	0.002183
255	2458871.197880	0.056859	0.032105	0.001975
256	2458871.197941	0.057837	0.037885	0.002124
257	2458871.198002	0.058815	0.035955	0.002126
258	2458871.198063	0.059794	0.034927	0.002076
259	2458871.198124	0.060771	0.036027	0.001945
260	2458871.198185	0.061750	0.032408	0.001968
261	2458871.198246	0.062728	0.032385	0.001910
262	2458871.198307	0.063707	0.036450	0.002135
263	2458871.198368	0.064685	0.029304	0.002225
264	2458871.198429	0.065662	0.034150	0.002374
265	2458871.198490	0.066641	0.034569	0.002273
266	2458871.198551	0.067619	0.034639	0.002120
267	2458871.198611	0.068582	0.030752	0.002056
268	2458871.198672	0.069559	0.031231	0.002199
269	2458871.198733	0.070538	0.034651	0.002139
270	2458871.198794	0.071516	0.035703	0.002166
271	2458871.198855	0.072494	0.033197	0.002192
272	2458871.198916	0.073473	0.038466	0.002106
273	2458871.198977	0.074450	0.031465	0.001945
274	2458871.199038	0.075429	0.034568	0.001839
275	2458871.199099	0.076407	0.037637	0.001799
276	2458871.199160	0.077386	0.033248	0.001828
277	2458871.199221	0.078363	0.037424	0.001811
278	2458871.199282	0.079341	0.038825	0.001716
279	2458871.199343	0.080320	0.035173	0.001634
280	2458871.199404	0.081298	0.034107	0.001713
281	2458871.199465	0.082277	0.036154	0.001749
282	2458871.199526	0.083254	0.037509	0.001652
283	2458871.199587	0.084233	0.035030	0.001717
284	2458871.199648	0.085211	0.036087	0.001728
285	2458871.199709	0.086189	0.035784	0.001778
286	2458871.199770	0.087168	0.034930	0.001952
287	2458871.199830	0.088129	0.034738	0.001866
288	2458871.199891	0.089108	0.038658	0.001959
289	2458871.199952	0.090086	0.037157	0.001826
290	2458871.200013	0.091064	0.037323	0.001840
291	2458871.200074	0.092042	0.033150	0.001803
292	2458871.200135	0.093020	0.037424	0.001762
293	2458871.200196	0.093999	0.033138	0.001670
294	2458871.200257	0.094977	0.032408	0.001734
295	2458871.200318	0.095956	0.036123	0.001730
296	2458871.200379	0.096933	0.031062	0.001655
297	2458871.200440	0.097911	0.033413	0.001757
298	2458871.200501	0.098890	0.032041	0.001614
299	2458871.200562	0.099868	0.033986	0.001744
300	2458871.200623	0.100847	0.032456	0.001813
301	2458871.200684	0.101824	0.030543	0.001623
302	2458871.200745	0.102803	0.032627	0.001689
303	2458871.200806	0.103781	0.032498	0.001604
304	2458871.200867	0.104759	0.036182	0.001737
305	2458871.200928	0.105737	0.038378	0.001808
306	2458871.200988	0.106699	0.040328	0.001952
307	2458871.201049	0.107678	0.034231	0.001673
308	2458871.201110	0.108656	0.031974	0.001762
309	2458871.201171	0.109635	0.034848	0.001680
310	2458871.201232	0.110612	0.035885	0.001756
311	2458871.201293	0.111590	0.036891	0.001791
312	2458871.201354	0.112569	0.036220	0.001745
313	2458871.201415	0.113547	0.033902	0.001778
314	2458871.201476	0.114526	0.032971	0.001673
315	2458871.201537	0.115503	0.031242	0.001717
316	2458871.201598	0.116482	0.033440	0.001778
317	2458871.201659	0.117460	0.034073	0.001698
318	2458871.201720	0.118438	0.034895	0.001713
319	2458871.201781	0.119416	0.029552	0.001683
320	2458871.201842	0.120394	0.029107	0.001778
321	2458871.201903	0.121373	0.035804	0.001716
322	2458871.201964	0.122351	0.034872	0.001730
323	2458871.202025	0.123330	0.030631	0.001699
324	2458871.202086	0.124307	0.030823	0.001811
325	2458871.202146	0.125269	0.029052	0.001609
326	2458871.202207	0.126248	0.030625	0.001580
327	2458871.202268	0.127226	0.033056	0.001731
328	2458871.202329	0.128204	0.031099	0.001804
329	2458871.202390	0.129182	0.033498	0.001904
330	2458871.202451	0.130160	0.034085	0.001921
331	2458871.202512	0.131139	0.031490	0.001701
332	2458871.202573	0.132117	0.030184	0.001790
333	2458871.202634	0.133095	0.031434	0.001627
334	2458871.202695	0.134073	0.033177	0.001776
335	2458871.202756	0.135052	0.027955	0.001655
336	2458871.202817	0.136030	0.031019	0.001576
337	2458871.202878	0.137007	0.029422	0.001615
338	2458871.202939	0.137986	0.031794	0.001715
339	2458871.203000	0.138964	0.030138	0.001621
340	2458871.203061	0.139943	0.031720	0.001613
341	2458871.203122	0.140921	0.034706	0.001695
342	2458871.203183	0.141899	0.030146	0.001652
343	2458871.203244	0.142877	0.034141	0.001785
344	2458871.203305	0.143855	0.033022	0.001836
345	2458871.203365	0.144818	0.034082	0.001680
346	2458871.203426	0.145796	0.033811	0.001645
347	2458871.203487	0.146774	0.033243	0.001552
348	2458871.203548	0.147752	0.032598	0.001631
349	2458871.203609	0.148731	0.035720	0.001617
350	2458871.203670	0.149709	0.030841	0.001570
351	2458871.203731	0.150686	0.033118	0.001637
352	2458871.203792	0.151665	0.033051	0.001672
353	2458871.203853	0.152643	0.035457	0.001668
354	2458871.203914	0.153622	0.034093	0.001547
355	2458871.203975	0.154600	0.033992	0.001664
356	2458871.204036	0.155578	0.029871	0.001733
357	2458871.204097	0.156556	0.031908	0.001649
358	2458871.204158	0.157534	0.033573	0.001781
359	2458871.204219	0.158513	0.035117	0.001789
360	2458871.204280	0.159491	0.033716	0.001708
361	2458871.204341	0.160469	0.029467	0.001594
362	2458871.204402	0.161447	0.031967	0.001468
363	2458871.204463	0.162426	0.033269	0.001702
364	2458871.204523	0.163388	0.033199	0.001701
365	2458871.204584	0.164365	0.034047	0.001645
366	2458871.204645	0.165344	0.030594	0.001635
367	2458871.204706	0.166322	0.029853	0.001618
368	2458871.204767	0.167301	0.028546	0.001561
369	2458871.204828	0.168279	0.029053	0.001549
370	2458871.204889	0.169256	0.027968	0.001464
371	2458871.204950	0.170235	0.031953	0.001560
372	2458871.205011	0.171213	0.027826	0.001605
373	2458871.205072	0.172192	0.028556	0.001652
374	2458871.205133	0.173170	0.032043	0.001586
375	2458871.205194	0.174148	0.029836	0.001628
376	2458871.205255	0.175126	0.029695	0.001600
377	2458871.205316	0.176104	0.030623	0.001738
378	2458871.205377	0.177083	0.031301	0.001654
379	2458871.205438	0.178060	0.030198	0.001768
380	2458871.205499	0.179039	0.026107	0.001507
381	2458871.205560	0.180017	0.029013	0.001563
382	2458871.205621	0.180996	0.028617	0.001723
383	2458871.205682	0.181974	0.027023	0.001666
384	2458871.205742	0.182935	0.027919	0.001640
385	2458871.205803	0.183914	0.023767	0.001631
386	2458871.205864	0.184892	0.027452	0.001647
387	2458871.205925	0.185871	0.026936	0.001648
388	2458871.205986	0.186848	0.026804	0.001689
389	2458871.206047	0.187827	0.027180	0.001531
390	2458871.206108	0.188805	0.024193	0.001520
391	2458871.206169	0.189783	0.026687	0.001552
392	2458871.206230	0.190762	0.028140	0.001546
393	2458871.206291	0.191739	0.029977	0.001605
394	2458871.206352	0.192718	0.028064	0.001523
395	2458871.206413	0.193696	0.023005	0.001513
396	2458871.206474	0.194675	0.026675	0.001515
397	2458871.206535	0.195653	0.027486	0.001502
398	2458871.206596	0.196630	0.025999	0.001541
399	2458871.206657	0.197609	0.029648	0.001622
400	2458871.206718	0.198587	0.028002	0.001438
401	2458871.206779	0.199566	0.025797	0.001570
402	2458871.206840	0.200543	0.025688	0.001534
403	2458871.206900	0.201505	0.024043	0.001453
404	2458871.206961	0.202484	0.026793	0.001464
405	2458871.207022	0.203462	0.025896	0.001589
406	2458871.207084	0.204441	0.030348	0.001524
407	2458871.207144	0.205418	0.024692	0.001395
408	2458871.207206	0.206397	0.027964	0.001398
409	2458871.207266	0.207375	0.026444	0.001468
410	2458871.207327	0.208353	0.030201	0.001498
411	2458871.207389	0.209332	0.026696	0.001520
412	2458871.207449	0.210309	0.029627	0.001559
413	2458871.207511	0.211288	0.028185	0.001519
414	2458871.207572	0.212266	0.026993	0.001510
415	2458871.207633	0.213245	0.025744	0.001536
416	2458871.207694	0.214222	0.028562	0.001650
417	2458871.207754	0.215200	0.026331	0.001716
418	2458871.207816	0.216179	0.026215	0.001583
419	2458871.207877	0.217157	0.022868	0.001492
420	2458871.207938	0.218136	0.026993	0.001473
421	2458871.207999	0.219113	0.028219	0.001486
422	2458871.208060	0.220092	0.026649	0.001493
423	2458871.208120	0.221054	0.029921	0.001495
424	2458871.208181	0.222032	0.027634	0.001473
425	2458871.208242	0.223011	0.029050	0.001407
426	2458871.208303	0.223988	0.027670	0.001373
427	2458871.208364	0.224967	0.029991	0.001440
428	2458871.208425	0.225945	0.027864	0.001468
429	2458871.208486	0.226924	0.027719	0.001457
430	2458871.208547	0.227901	0.030602	0.001483
431	2458871.208608	0.228879	0.028951	0.001497
432	2458871.208669	0.229858	0.032974	0.001519
433	2458871.208730	0.230836	0.028573	0.001462
434	2458871.208791	0.231815	0.032800	0.001569
435	2458871.208852	0.232792	0.029958	0.001501
436	2458871.208913	0.233771	0.029771	0.001501
437	2458871.208974	0.234749	0.028637	0.001357
438	2458871.209035	0.235727	0.032167	0.001562
439	2458871.209096	0.236705	0.027603	0.001413
440	2458871.209157	0.237683	0.031198	0.001530
441	2458871.209218	0.238662	0.032014	0.001553
442	2458871.209278	0.239624	0.028944	0.001502
443	2458871.209339	0.240602	0.027774	0.001429
444	2458871.209400	0.241580	0.027347	0.001475
445	2458871.209461	0.242558	0.030821	0.001432
446	2458871.209522	0.243537	0.029736	0.001456
447	2458871.209583	0.244515	0.027717	0.001379
448	2458871.209644	0.245494	0.027142	0.001348
449	2458871.209705	0.246471	0.031305	0.001553
450	2458871.209766	0.247449	0.027711	0.001448
451	2458871.209827	0.248428	0.029002	0.001406
452	2458871.209888	0.249406	0.028482	0.001493
453	2458871.209949	0.250384	0.027465	0.001456
454	2458871.210010	0.251362	0.025996	0.001361
455	2458871.210071	0.252341	0.028775	0.001340
456	2458871.210132	0.253319	0.025713	0.001491
457	2458871.210193	0.254297	0.028045	0.001418
458	2458871.210254	0.255275	0.031498	0.001493
459	2458871.210315	0.256253	0.027272	0.001450
460	2458871.210376	0.257232	0.028928	0.001566
461	2458871.210436	0.258194	0.028687	0.001439
462	2458871.210497	0.259173	0.027947	0.001417
463	2458871.210558	0.260150	0.030732	0.001449
464	2458871.210619	0.261128	0.029111	0.001524
465	2458871.210680	0.262107	0.028714	0.001651
466	2458871.210741	0.263085	0.029790	0.001753
467	2458871.210802	0.264063	0.030004	0.001404
468	2458871.210863	0.265041	0.030114	0.001516
469	2458871.210924	0.266020	0.029998	0.001436
470	2458871.210985	0.266998	0.028561	0.001391
471	2458871.211046	0.267976	0.030101	0.001498
472	2458871.211107	0.268954	0.027792	0.001360
473	2458871.211168	0.269932	0.027188	0.001435
474	2458871.211229	0.270911	0.032526	0.001483
475	2458871.211290	0.271889	0.030486	0.001575
476	2458871.211351	0.272866	0.026690	0.001489
477	2458871.211412	0.273845	0.028560	0.001425
478	2458871.211473	0.274823	0.029777	0.001447
479	2458871.211534	0.275802	0.025815	0.001382
480	2458871.211595	0.276780	0.030374	0.001541
481	2458871.211655	0.277742	0.030583	0.001722
482	2458871.211716	0.278720	0.031768	0.001505
483	2458871.211777	0.279698	0.028178	0.001407
484	2458871.211838	0.280677	0.029165	0.001435
485	2458871.211899	0.281654	0.027755	0.001421
486	2458871.211960	0.282633	0.026480	0.001379
487	2458871.212021	0.283611	0.029265	0.001454
488	2458871.212082	0.284590	0.026297	0.001450
489	2458871.212143	0.285568	0.026614	0.001421
490	2458871.212204	0.286545	0.028015	0.001424
491	2458871.212265	0.287524	0.025369	0.001322
492	2458871.212326	0.288502	0.027442	0.001485
493	2458871.212387	0.289481	0.031142	0.001440
494	2458871.212448	0.290459	0.027792	0.001415
495	2458871.212509	0.291437	0.025790	0.001453
496	2458871.212570	0.292415	0.029429	0.001340
497	2458871.212631	0.293393	0.028527	0.001387
498	2458871.212692	0.294372	0.029628	0.001421
499	2458871.212753	0.295349	0.030164	0.001456
500	2458871.212813	0.296312	0.026620	0.001406
501	2458871.212874	0.297290	0.028409	0.001491
502	2458871.212935	0.298269	0.025031	0.001436
503	2458871.212996	0.299247	0.026401	0.001391
504	2458871.213057	0.300224	0.030399	0.001469
505	2458871.213118	0.301203	0.029056	0.001398
506	2458871.213179	0.302181	0.024577	0.001358
507	2458871.213240	0.303160	0.032452	0.001490
508	2458871.213301	0.304138	0.031637	0.001494
509	2458871.213362	0.305116	0.031603	0.001490
510	2458871.213423	0.306094	0.028844	0.001412
511	2458871.213484	0.307072	0.031430	0.001472
512	2458871.213545	0.308051	0.029167	0.001451
513	2458871.213606	0.309028	0.032491	0.001445
514	2458871.213667	0.310007	0.030442	0.001536
515	2458871.213728	0.310985	0.028882	0.001395
516	2458871.213789	0.311964	0.026109	0.001423
517	2458871.213850	0.312942	0.031108	0.001404
518	2458871.213911	0.313919	0.029844	0.001398
519	2458871.213972	0.314898	0.027827	0.001282
520	2458871.214032	0.315860	0.029175	0.001259
521	2458871.214093	0.316839	0.029687	0.001316
522	2458871.214154	0.317817	0.029175	0.001429
523	2458871.214215	0.318794	0.029735	0.001485
524	2458871.214276	0.319773	0.028837	0.001422
525	2458871.214337	0.320751	0.030141	0.001379
526	2458871.214398	0.321730	0.031257	0.001378
527	2458871.214459	0.322707	0.028350	0.001370
528	2458871.214520	0.323686	0.027797	0.001336
529	2458871.214581	0.324664	0.026751	0.001313
530	2458871.214642	0.325642	0.027857	0.001361
531	2458871.214703	0.326621	0.028483	0.001341
532	2458871.214764	0.327598	0.026320	0.001371
533	2458871.214825	0.328577	0.028581	0.001333
534	2458871.214886	0.329555	0.027072	0.001346
535	2458871.214947	0.330534	0.026701	0.001346
536	2458871.215008	0.331512	0.028138	0.001432
537	2458871.215069	0.332489	0.029495	0.001441
538	2458871.215130	0.333468	0.028728	0.001507
539	2458871.215190	0.334430	0.024659	0.001412
540	2458871.215251	0.335409	0.027479	0.001346
541	2458871.215312	0.336386	0.026188	0.001421
542	2458871.215373	0.337365	0.028133	0.001471
543	2458871.215434	0.338343	0.027522	0.001499
544	2458871.215495	0.339321	0.027063	0.001472
545	2458871.215556	0.340300	0.026779	0.001501
546	2458871.215617	0.341277	0.026093	0.001445
547	2458871.215678	0.342256	0.026008	0.001367
548	2458871.215739	0.343234	0.029070	0.001443
549	2458871.215800	0.344212	0.028561	0.001364
550	2458871.215861	0.345190	0.028677	0.001442
551	2458871.215922	0.346168	0.027272	0.001311
552	2458871.215983	0.347147	0.025277	0.001248
553	2458871.216044	0.348125	0.026552	0.001416
554	2458871.216105	0.349104	0.023900	0.001323
555	2458871.216166	0.350081	0.025716	0.001382
556	2458871.216227	0.351059	0.028619	0.001333
557	2458871.216288	0.352038	0.025194	0.001333
558	2458871.216348	0.353000	0.025817	0.001351
559	2458871.216409	0.353979	0.027225	0.001228
560	2458871.216470	0.354956	0.028069	0.001288
561	2458871.216531	0.355935	0.027391	0.001442
562	2458871.216592	0.356913	0.025777	0.001378
563	2458871.216653	0.357891	0.025672	0.001350
564	2458871.216714	0.358869	0.026819	0.001367
565	2458871.216775	0.359847	0.024907	0.001296
566	2458871.216836	0.360826	0.024304	0.001450
567	2458871.216897	0.361804	0.024836	0.001453
568	2458871.216958	0.362783	0.025326	0.001334
569	2458871.217019	0.363760	0.025019	0.001280
570	2458871.217080	0.364738	0.026316	0.001443
571	2458871.217141	0.365717	0.025115	0.001282
572	2458871.217202	0.366695	0.029836	0.001367
573	2458871.217263	0.367674	0.024759	0.001306
574	2458871.217324	0.368651	0.028790	0.001435
575	2458871.217385	0.369630	0.029737	0.001447
576	2458871.217446	0.370608	0.027166	0.001275
577	2458871.217507	0.371586	0.029665	0.001384
578	2458871.217567	0.372548	0.029623	0.001462
579	2458871.217628	0.373526	0.023188	0.001350
580	2458871.217689	0.374505	0.027567	0.001615
581	2458871.217750	0.375483	0.026887	0.001348
582	2458871.217811	0.376462	0.027265	0.001332
583	2458871.217872	0.377439	0.028774	0.001307
584	2458871.217933	0.378417	0.027194	0.001332
585	2458871.217994	0.379396	0.029152	0.001412
586	2458871.218055	0.380374	0.029800	0.001281
587	2458871.218116	0.381352	0.026174	0.001234
588	2458871.218177	0.382330	0.029250	0.001453
589	2458871.218238	0.383308	0.026304	0.001320
590	2458871.218299	0.384287	0.028087	0.001390
591	2458871.218360	0.385265	0.029509	0.001369
592	2458871.218421	0.386243	0.028184	0.001390
593	2458871.218482	0.387221	0.025356	0.001362
594	2458871.218543	0.388200	0.031181	0.001398
595	2458871.218604	0.389178	0.025884	0.001361
596	2458871.218665	0.390156	0.026740	0.001374
597	2458871.218725	0.391118	0.030283	0.001436
598	2458871.218786	0.392096	0.025268	0.001352
599	2458871.218847	0.393075	0.028048	0.001381
600	2458871.218908	0.394053	0.028374	0.001462
601	2458871.218969	0.395031	0.028569	0.001441
602	2458871.219030	0.396009	0.029050	0.001427
603	2458871.219091	0.396987	0.028902	0.001411
604	2458871.219152	0.397966	0.026516	0.001306
605	2458871.219213	0.398944	0.026201	0.001377
606	2458871.219274	0.399922	0.026406	0.001465
607	2458871.219335	0.400900	0.023177	0.001343
608	2458871.219396	0.401879	0.026569	0.001316
609	2458871.219457	0.402857	0.026383	0.001348
610	2458871.219518	0.403834	0.027014	0.001291
611	2458871.219579	0.404813	0.028326	0.001358
612	2458871.219640	0.405791	0.026455	0.001298
613	2458871.219701	0.406770	0.027495	0.001348
614	2458871.219762	0.407748	0.027112	0.001307
615	2458871.219823	0.408726	0.027187	0.001367
616	2458871.219884	0.409704	0.026794	0.001412
617	2458871.219944	0.410666	0.026213	0.001418
618	2458871.220005	0.411645	0.026756	0.001365
619	2458871.220066	0.412623	0.028296	0.001349
620	2458871.220127	0.413601	0.026488	0.001402
621	2458871.220188	0.414579	0.029197	0.001369
622	2458871.220249	0.415557	0.029174	0.001394
623	2458871.220310	0.416536	0.029285	0.001352
624	2458871.220371	0.417513	0.028896	0.001324
625	2458871.220432	0.418492	0.027305	0.001316
626	2458871.220493	0.419470	0.027107	0.001495
627	2458871.220554	0.420449	0.027917	0.001496
628	2458871.220615	0.421427	0.027619	0.001438
629	2458871.220676	0.422404	0.028722	0.001405
630	2458871.220737	0.423383	0.027711	0.001398
631	2458871.220798	0.424361	0.026087	0.001379
632	2458871.220859	0.425340	0.027254	0.001412
633	2458871.220920	0.426318	0.029070	0.001488
634	2458871.220981	0.427296	0.029626	0.001373
635	2458871.221042	0.428274	0.027382	0.001477
636	2458871.221102	0.429236	0.031094	0.001382
637	2458871.221163	0.430215	0.033137	0.001601
638	2458871.221224	0.431192	0.029935	0.001396
639	2458871.221285	0.432171	0.029343	0.001387
640	2458871.221346	0.433149	0.027055	0.001283
641	2458871.221407	0.434128	0.027654	0.001329
642	2458871.221468	0.435106	0.034306	0.001356
643	2458871.221529	0.436083	0.029847	0.001331
644	2458871.221590	0.437062	0.028766	0.001400
645	2458871.221651	0.438040	0.029045	0.001302
646	2458871.221712	0.439019	0.030350	0.001426
647	2458871.221773	0.439996	0.028287	0.001290
648	2458871.221834	0.440975	0.028582	0.001400
649	2458871.221895	0.441953	0.030891	0.001423
650	2458871.221956	0.442931	0.026839	0.001346
651	2458871.222017	0.443910	0.030468	0.001333
652	2458871.222078	0.444887	0.031089	0.001402
653	2458871.222139	0.445866	0.031407	0.001415
654	2458871.222200	0.446844	0.032565	0.001472
655	2458871.222262	0.447823	0.030129	0.001567
656	2458871.222321	0.448785	0.028106	0.001369
657	2458871.222382	0.449762	0.030537	0.001428
658	2458871.222444	0.450741	0.030412	0.001404
659	2458871.222504	0.451719	0.028350	0.001431
660	2458871.222566	0.452698	0.032432	0.001426
661	2458871.222626	0.453675	0.027385	0.001347
662	2458871.222687	0.454653	0.031094	0.001507
663	2458871.222749	0.455632	0.029981	0.001394
664	2458871.222809	0.456610	0.027046	0.001382
665	2458871.222871	0.457589	0.029637	0.001330
666	2458871.222932	0.458566	0.029136	0.001390
667	2458871.222993	0.459545	0.029760	0.001338
668	2458871.223054	0.460523	0.029375	0.001292
669	2458871.223115	0.461501	0.027939	0.001320
670	2458871.223176	0.462480	0.028834	0.001336
671	2458871.223237	0.463457	0.029110	0.001260
672	2458871.223298	0.464436	0.031887	0.001355
673	2458871.223359	0.465414	0.033087	0.001403
674	2458871.223420	0.466393	0.027774	0.001311
675	2458871.223480	0.467354	0.028497	0.001411
676	2458871.223541	0.468332	0.027603	0.001266
677	2458871.223602	0.469311	0.029250	0.001284
678	2458871.223663	0.470289	0.028658	0.001360
679	2458871.223724	0.471268	0.028165	0.001286
680	2458871.223785	0.472245	0.029038	0.001306
681	2458871.223846	0.473224	0.027111	0.001312
682	2458871.223907	0.474202	0.029613	0.001423
683	2458871.223968	0.475180	0.027553	0.001318
684	2458871.224029	0.476159	0.026613	0.001257
685	2458871.224090	0.477136	0.028612	0.001473
686	2458871.224151	0.478115	0.028025	0.001331
687	2458871.224212	0.479093	0.028362	0.001341
688	2458871.224273	0.480072	0.029450	0.001359
689	2458871.224334	0.481049	0.028172	0.001364
690	2458871.224395	0.482027	0.028318	0.001323
691	2458871.224456	0.483006	0.030445	0.001443
692	2458871.224517	0.483984	0.027553	0.001418
693	2458871.224578	0.484963	0.030006	0.001328
694	2458871.224638	0.485924	0.030115	0.001377
695	2458871.224699	0.486902	0.025888	0.001292
696	2458871.224760	0.487881	0.028379	0.001296
697	2458871.224821	0.488859	0.028763	0.001254
698	2458871.224882	0.489837	0.030975	0.001368
699	2458871.224943	0.490815	0.029025	0.001269
700	2458871.225004	0.491794	0.030475	0.001313
701	2458871.225065	0.492772	0.029462	0.001334
702	2458871.225126	0.493750	0.026906	0.001251
703	2458871.225187	0.494728	0.026785	0.001384
704	2458871.225248	0.495706	0.030333	0.001465
705	2458871.225309	0.496685	0.031025	0.001422
706	2458871.225370	0.497663	0.030718	0.001336
707	2458871.225431	0.498642	0.027800	0.001306
708	2458871.225492	0.499619	0.027740	0.001293
709	2458871.225553	0.500597	0.027989	0.001290
710	2458871.225614	0.501576	0.028089	0.001201
711	2458871.225675	0.502554	0.030890	0.001269
712	2458871.225736	0.503532	0.027835	0.001192
713	2458871.225797	0.504510	0.027625	0.001203
714	2458871.225857	0.505473	0.029112	0.001283
715	2458871.225918	0.506451	0.028107	0.001259
716	2458871.225979	0.507429	0.027292	0.001197
717	2458871.226040	0.508407	0.025017	0.001220
718	2458871.226101	0.509385	0.030764	0.001267
719	2458871.226162	0.510364	0.030694	0.001377
720	2458871.226223	0.511342	0.025653	0.001263
721	2458871.226284	0.512321	0.031379	0.001340
722	2458871.226345	0.513298	0.027244	0.001276
723	2458871.226406	0.514276	0.029061	0.001341
724	2458871.226467	0.515255	0.029116	0.001313
725	2458871.226528	0.516233	0.028374	0.001390
726	2458871.226589	0.517211	0.029445	0.001374
727	2458871.226650	0.518189	0.028294	0.001342
728	2458871.226711	0.519168	0.027707	0.001430
729	2458871.226772	0.520146	0.028920	0.001392
730	2458871.226833	0.521124	0.030154	0.001328
731	2458871.226894	0.522102	0.032779	0.001367
732	2458871.226955	0.523080	0.029863	0.001313
733	2458871.227015	0.524043	0.029587	0.001358
734	2458871.227076	0.525021	0.027688	0.001286
735	2458871.227137	0.525998	0.028352	0.001322
736	2458871.227198	0.526977	0.028621	0.001361
737	2458871.227259	0.527955	0.027854	0.001398
738	2458871.227320	0.528934	0.026837	0.001310
739	2458871.227381	0.529912	0.031831	0.001385
740	2458871.227442	0.530890	0.030096	0.001407
741	2458871.227503	0.531868	0.029587	0.001442
742	2458871.227564	0.532846	0.026692	0.001406
743	2458871.227625	0.533825	0.028817	0.001384
744	2458871.227686	0.534803	0.029915	0.001508
745	2458871.227747	0.535781	0.029579	0.001370
746	2458871.227808	0.536759	0.028469	0.001361
747	2458871.227869	0.537738	0.030545	0.001381
748	2458871.227930	0.538716	0.028435	0.001365
749	2458871.227991	0.539693	0.028952	0.001370
750	2458871.228052	0.540672	0.030950	0.001414
751	2458871.228113	0.541650	0.031948	0.001415
752	2458871.228174	0.542629	0.029738	0.001412
753	2458871.228234	0.543591	0.027657	0.001359
754	2458871.228295	0.544569	0.028599	0.001312
755	2458871.228356	0.545547	0.030866	0.001303
756	2458871.228417	0.546525	0.029795	0.001281
757	2458871.228478	0.547504	0.030411	0.001452
758	2458871.228539	0.548481	0.032607	0.001404
759	2458871.228600	0.549460	0.030421	0.001389
760	2458871.228661	0.550438	0.030216	0.001356
761	2458871.228722	0.551417	0.027705	0.001410
762	2458871.228783	0.552395	0.027950	0.001508
763	2458871.228844	0.553372	0.026916	0.001376
764	2458871.228905	0.554351	0.031061	0.001363
765	2458871.228966	0.555329	0.033240	0.001473
766	2458871.229027	0.556308	0.028138	0.001347
767	2458871.229088	0.557286	0.030496	0.001425
768	2458871.229149	0.558264	0.030842	0.001463
769	2458871.229210	0.559242	0.027695	0.001340
770	2458871.229271	0.560220	0.027995	0.001295
771	2458871.229332	0.561199	0.027786	0.001309
772	2458871.229392	0.562160	0.026908	0.001264
773	2458871.229453	0.563139	0.029040	0.001378
774	2458871.229514	0.564117	0.027496	0.001327
775	2458871.229575	0.565095	0.027309	0.001282
776	2458871.229636	0.566074	0.028987	0.001420
777	2458871.229697	0.567051	0.031618	0.001405
778	2458871.229758	0.568030	0.030941	0.001360
779	2458871.229819	0.569008	0.029484	0.001250
780	2458871.229880	0.569987	0.032153	0.001344
781	2458871.229941	0.570965	0.030564	0.001329
782	2458871.230002	0.571942	0.030513	0.001357
783	2458871.230063	0.572921	0.030541	0.001429
784	2458871.230124	0.573899	0.030768	0.001365
785	2458871.230185	0.574878	0.030398	0.001432
786	2458871.230246	0.575855	0.025944	0.001372
787	2458871.230307	0.576834	0.027493	0.001354
788	2458871.230368	0.577812	0.028937	0.001372
789	2458871.230429	0.578790	0.031928	0.001434
790	2458871.230490	0.579769	0.029391	0.001359
791	2458871.230551	0.580746	0.028365	0.001375
792	2458871.230611	0.581709	0.032198	0.001449
793	2458871.230672	0.582687	0.028508	0.001328
794	2458871.230733	0.583666	0.029992	0.001282
795	2458871.230794	0.584644	0.028443	0.001301
796	2458871.230855	0.585621	0.028671	0.001373
797	2458871.230916	0.586600	0.028494	0.001342
798	2458871.230977	0.587578	0.030311	0.001507
799	2458871.231038	0.588557	0.032706	0.001395
800	2458871.231099	0.589534	0.030278	0.001436
801	2458871.231160	0.590513	0.028199	0.001424
802	2458871.231221	0.591491	0.031912	0.001275
803	2458871.231282	0.592469	0.031707	0.001275
804	2458871.231343	0.593448	0.028368	0.001312
805	2458871.231404	0.594425	0.032402	0.001314
806	2458871.231465	0.595404	0.032347	0.001319
807	2458871.231526	0.596382	0.030902	0.001324
808	2458871.231587	0.597360	0.031198	0.001278
809	2458871.231648	0.598338	0.029716	0.001461
810	2458871.231709	0.599316	0.030404	0.001403
811	2458871.231769	0.600279	0.031449	0.001355
812	2458871.231830	0.601257	0.029112	0.001271
813	2458871.231891	0.602236	0.031796	0.001360
814	2458871.231952	0.603213	0.032770	0.001536
815	2458871.232013	0.604191	0.033190	0.001393
816	2458871.232074	0.605170	0.031438	0.001366
817	2458871.232135	0.606148	0.031880	0.001312
818	2458871.232196	0.607127	0.034165	0.001347
819	2458871.232257	0.608104	0.027753	0.001189
820	2458871.232318	0.609083	0.030248	0.001233
821	2458871.232379	0.610061	0.029748	0.001259
822	2458871.232440	0.611039	0.030480	0.001269
823	2458871.232501	0.612017	0.031364	0.001363
824	2458871.232562	0.612995	0.030667	0.001318
825	2458871.232623	0.613974	0.030660	0.001345
826	2458871.232684	0.614952	0.033561	0.001347
827	2458871.232745	0.615931	0.032081	0.001309
828	2458871.232806	0.616908	0.032573	0.001375
829	2458871.232867	0.617886	0.033563	0.001358
830	2458871.232927	0.618849	0.032621	0.001313
831	2458871.232988	0.619827	0.031127	0.001331
832	2458871.233049	0.620806	0.029432	0.001245
833	2458871.233110	0.621783	0.030473	0.001221
834	2458871.233171	0.622762	0.029817	0.001302
835	2458871.233232	0.623740	0.031057	0.001335
836	2458871.233293	0.624718	0.030652	0.001292
837	2458871.233354	0.625696	0.030077	0.001255
838	2458871.233415	0.626674	0.029327	0.001356
839	2458871.233476	0.627653	0.029484	0.001242
840	2458871.233537	0.628631	0.026043	0.001231
841	2458871.233598	0.629610	0.033213	0.001338
842	2458871.233659	0.630587	0.031887	0.001268
843	2458871.233720	0.631565	0.029507	0.001250
844	2458871.233781	0.632544	0.028813	0.001297
845	2458871.233842	0.633522	0.029908	0.001229
846	2458871.233903	0.634501	0.030853	0.001215
847	2458871.233964	0.635478	0.033954	0.001277
848	2458871.234025	0.636456	0.029149	0.001218
849	2458871.234086	0.637435	0.033027	0.001379
850	2458871.234146	0.638397	0.030590	0.001257
851	2458871.234207	0.639375	0.032797	0.001345
852	2458871.234268	0.640353	0.032968	0.001338
853	2458871.234329	0.641332	0.032852	0.001461
854	2458871.234390	0.642310	0.032679	0.001325
855	2458871.234451	0.643288	0.035358	0.001439
856	2458871.234512	0.644266	0.036431	0.001339
857	2458871.234573	0.645244	0.035892	0.001352
858	2458871.234634	0.646223	0.035571	0.001363
859	2458871.234695	0.647201	0.036907	0.001322
860	2458871.234756	0.648179	0.042693	0.001373
861	2458871.234817	0.649157	0.039059	0.001388
862	2458871.234878	0.650135	0.040357	0.001364
863	2458871.234939	0.651114	0.040845	0.001537
864	2458871.235000	0.652092	0.039769	0.001484
865	2458871.235061	0.653070	0.038642	0.001407
866	2458871.235122	0.654048	0.035726	0.001397
867	2458871.235183	0.655027	0.035940	0.001382
868	2458871.235244	0.656005	0.034549	0.001330
869	2458871.235304	0.656966	0.034522	0.001333
870	2458871.235365	0.657945	0.036617	0.001488
871	2458871.235426	0.658923	0.036144	0.001489
872	2458871.235487	0.659902	0.033292	0.001543
873	2458871.235548	0.660880	0.034158	0.001468
874	2458871.235609	0.661858	0.034751	0.001361
875	2458871.235670	0.662836	0.038614	0.001421
876	2458871.235731	0.663814	0.037831	0.001423
877	2458871.235792	0.664793	0.035189	0.001347
878	2458871.235853	0.665771	0.038297	0.001426
879	2458871.235914	0.666749	0.036731	0.001392
880	2458871.235975	0.667727	0.032960	0.001285
881	2458871.236036	0.668705	0.035734	0.001471
882	2458871.236097	0.669684	0.036685	0.001506
883	2458871.236158	0.670661	0.036918	0.001419
884	2458871.236219	0.671640	0.036799	0.001425
885	2458871.236280	0.672618	0.035382	0.001349
886	2458871.236341	0.673597	0.032131	0.001361
887	2458871.236402	0.674575	0.038644	0.001397
888	2458871.236463	0.675552	0.039118	0.001471
889	2458871.236523	0.676515	0.036616	0.001440
890	2458871.236584	0.677493	0.034901	0.001342
891	2458871.236645	0.678472	0.034252	0.001297
892	2458871.236706	0.679450	0.033145	0.001274
893	2458871.236767	0.680428	0.033406	0.001246
894	2458871.236828	0.681406	0.036094	0.001332
895	2458871.236889	0.682384	0.038975	0.001341
896	2458871.236950	0.683363	0.035083	0.001305
897	2458871.237011	0.684340	0.038007	0.001378
898	2458871.237072	0.685319	0.038599	0.001379
899	2458871.237133	0.686297	0.039750	0.001344
900	2458871.237194	0.687276	0.036777	0.001283
901	2458871.237255	0.688254	0.039901	0.001440
902	2458871.237316	0.689231	0.036626	0.001361
903	2458871.237377	0.690210	0.037823	0.001343
904	2458871.237438	0.691188	0.034204	0.001389
905	2458871.237499	0.692167	0.039264	0.001428
906	2458871.237560	0.693145	0.033068	0.001355
907	2458871.237622	0.694123	0.035292	0.001381
908	2458871.237681	0.695085	0.036957	0.001343
909	2458871.237742	0.696063	0.038839	0.001420
910	2458871.237804	0.697042	0.037620	0.001389
911	2458871.237864	0.698019	0.035374	0.001324
912	2458871.237926	0.698998	0.035910	0.001337
913	2458871.237987	0.699976	0.039426	0.001411
914	2458871.238047	0.700954	0.037381	0.001438
915	2458871.238109	0.701933	0.038947	0.001484
916	2458871.238169	0.702910	0.038907	0.001454
917	2458871.238231	0.703889	0.038156	0.001414
